<?xml version="1.0" encoding="UTF-8"?>
<testng-results ignored="0" total="2" passed="2" failed="0" skipped="0">
  <reporter-output>
  </reporter-output>
  <suite started-at="2023-05-27T16:18:33 IST" name="Default suite" finished-at="2023-05-27T16:18:46 IST" duration-ms="13456">
    <groups>
    </groups>
    <test started-at="2023-05-27T16:18:33 IST" name="Default test" finished-at="2023-05-27T16:18:46 IST" duration-ms="13456">
      <class name="dataBaseConnection.SampleDataBaseConnection">
        <test-method signature="main(java.util.HashMap)[pri:0, instance:dataBaseConnection.SampleDataBaseConnection@7d4f9aae]" started-at="2023-05-27T16:18:34 IST" name="main" data-provider="test" finished-at="2023-05-27T16:18:39 IST" duration-ms="5277" status="PASS">
          <params>
            <param index="0">
              <value>
                <![CDATA[{password=Dreams, userName=Hello, url=http://127.0.0.1/orangehrm-2.6/login.php}]]>
              </value>
            </param>
          </params>
          <reporter-output>
          </reporter-output>
        </test-method> <!-- main -->
        <test-method is-config="true" signature="quitBrowser()[pri:0, instance:dataBaseConnection.SampleDataBaseConnection@7d4f9aae]" started-at="2023-05-27T16:18:39 IST" name="quitBrowser" finished-at="2023-05-27T16:18:40 IST" duration-ms="1054" status="PASS">
          <reporter-output>
          </reporter-output>
        </test-method> <!-- quitBrowser -->
        <test-method signature="main(java.util.HashMap)[pri:0, instance:dataBaseConnection.SampleDataBaseConnection@7d4f9aae]" started-at="2023-05-27T16:18:40 IST" name="main" data-provider="test" finished-at="2023-05-27T16:18:45 IST" duration-ms="5288" status="PASS">
          <params>
            <param index="0">
              <value>
                <![CDATA[{password=dreams, userName=hello, url=http://127.0.0.1/orangehrm-2.6/login.php}]]>
              </value>
            </param>
          </params>
          <reporter-output>
          </reporter-output>
        </test-method> <!-- main -->
        <test-method is-config="true" signature="quitBrowser()[pri:0, instance:dataBaseConnection.SampleDataBaseConnection@7d4f9aae]" started-at="2023-05-27T16:18:45 IST" name="quitBrowser" finished-at="2023-05-27T16:18:46 IST" duration-ms="1053" status="PASS">
          <reporter-output>
          </reporter-output>
        </test-method> <!-- quitBrowser -->
      </class> <!-- dataBaseConnection.SampleDataBaseConnection -->
    </test> <!-- Default test -->
  </suite> <!-- Default suite -->
</testng-results>
